2.480156
2.465703
2.448359
2.439687
2.419453
2.407891
2.387656
2.367422
2.344297
2.329844
2.309609
2.292266
2.274922
2.248906
2.237344
2.205547
2.196875
2.173750
2.205547
2.127500
2.107266
2.084141
2.066797
2.049453
2.006094
1.997422
1.977188
1.965625
1.948281
1.913594
1.893359
1.870234
1.835547
1.826875
1.806641
1.774844
1.754609
1.743047
1.717031
1.693906
1.662109
1.638984
1.618750
1.601406
1.569609
1.549375
1.523359
1.500234
1.477109
1.451094
1.433750
1.410625
1.393281
1.364375
1.335469
1.318125
1.286328
1.266094
1.248750
1.225625
1.196719
1.179375
1.153359
1.130234
1.107109
1.083984
1.060859
1.029063
1.017500
0.997266
0.971250
0.948125
0.930781
0.910547
0.881641
0.861406
0.835391
0.818047
0.792031
0.783359
0.760234
0.740000
0.708203
0.693750
0.667734
0.653281
0.633047
0.618594
0.592578
0.575234
0.552109
0.520312
0.523203
0.502969
0.488516
0.471172
0.450938
0.430703
0.413359
0.401797
0.378672
0.355547
0.346875
0.338203
0.309297
0.297734
0.283281
0.265938
0.242812
0.237031
0.222578
0.211016
0.182109
0.190781
0.170547
0.161875
0.144531
0.147422
0.130078
0.112734
0.104062
0.095391
0.080937
0.083828
0.063594
0.054922
0.054922
0.043359
0.037578
0.034688
0.023125
0.017344
0.002891
0.008672
0.000000
0.000000
0.000000
0.000000
0.000000
0.000000
0.000000
0.000000
0.000000
0.000000
0.000000
0.000000
0.000000
0.000000
0.000000
0.000000
0.000000
0.000000
0.000000
0.000000
0.000000
0.000000
0.000000
0.000000
0.000000
0.000000
0.000000
0.000000
0.000000
0.002891
0.000000
0.008672
0.014453
0.020234
0.023125
0.034688
0.040469
0.046250
0.060703
0.066484
0.078047
0.089609
0.089609
0.112734
0.115625
0.118516
0.135859
0.144531
0.150312
0.176328
0.185000
0.196562
0.208125
0.231250
0.239922
0.231250
0.268828
0.271719
0.289063
0.306406
0.329531
0.341094
0.364219
0.370000
0.381563
0.398906
0.430703
0.439375
0.453828
0.479844
0.497187
0.517422
0.526094
0.546328
0.563672
0.589688
0.604141
0.630156
0.650391
0.661953
0.687969
0.708203
0.731328
0.742891
0.768906
0.792031
0.820938
0.832500
0.849844
0.878750
0.901875
0.922109
0.945234
0.959687
0.985703
1.017500
1.034844
1.057969
1.078203
1.101328
1.127344
1.153359
1.164922
1.190938
1.216953
1.237188
1.254531
1.289219
1.306563
1.338359
1.352813
1.384609
1.404844
1.427969
1.456875
1.468438
1.500234
1.517578
1.546484
1.560938
1.592734
1.615859
1.638984
1.653437
1.688125
1.705469
1.722813
1.748828
1.777734
1.725703
1.826875
1.847109
1.861562
1.890469
1.904922
1.928047
1.956953
1.971406
2.000313
2.017656
2.037891
2.063906
2.078359
2.110156
2.133281
2.147734
2.185313
2.185313
2.211328
2.231563
2.254688
2.266250
2.283594
2.300937
2.318281
2.338516
2.361641
2.373203
2.396328
2.407891
2.431016
2.442578
2.457031
2.511953
2.497500
2.514844
2.526406
2.549531
2.566875
2.566875
2.590000
2.604453
2.616016
2.627578
2.647813
2.656484
2.699844
2.682500
2.694062
2.702734
2.717187
2.720078
2.734531
2.748984
2.757656
2.775000
2.772109
2.789453
2.798125
2.798125
2.809688
2.812578
2.824141
2.832813
2.844375
2.847266
2.850156
2.861719
2.867500
2.867500
2.876172
2.881953
2.881953
2.887734
2.887734
2.890625
2.890625
2.896406
2.902188
2.896406
2.902188
2.893516
2.896406
2.893516
2.896406
2.890625
2.890625
2.899297
2.893516
2.896406
2.890625
2.884844
2.881953
2.879062
2.876172
2.864609
2.855937
2.850156
2.850156
2.847266
2.838594
2.818359
2.815469
2.809688
2.809688
2.801016
2.792344
2.783672
2.775000
2.760547
2.705625
2.746094
2.722969
2.720078
2.708516
2.688281
2.682500
2.668047
2.659375
2.636250
2.633359
2.621797
2.607344
2.587109
2.575547
2.558203
2.546641
2.529297
2.517734
2.503281
2.477266
2.480156
2.445469
2.428125
2.416563
2.390547
2.376094
2.358750
2.332734
2.318281
2.309609
2.283594
2.263359
2.243125
2.217109
2.202656
2.185313
2.170859
2.150625
2.127500
2.115937
2.087031
2.061016
2.043672
2.020547
1.997422
1.974297
1.956953
1.930938
1.904922
1.887578
1.858672
1.838438
1.818203
1.797969
1.774844
1.754609
1.725703
1.705469
1.679453
1.662109
1.633203
1.610078
1.598516
1.572500
1.540703
1.517578
1.500234
1.480000
1.451094
1.425078
1.401953
1.373047
1.352813
1.329687
1.303672
1.280547
1.266094
1.234297
1.216953
1.193828
1.170703
1.144688
1.124453
1.104219
1.078203
1.060859
1.031953
1.017500
0.991484
0.971250
0.948125
0.916328
0.901875
0.878750
0.849844
0.835391
0.815156
0.783359
0.771797
0.745781
0.725547
0.702422
0.690859
0.661953
0.647500
0.627266
0.601250
0.583906
0.566562
0.552109
0.534766
0.508750
0.500078
0.476953
0.453828
0.436484
0.419141
0.404687
0.393125
0.367109
0.355547
0.343984
0.323750
0.306406
0.303516
0.277500
0.263047
0.254375
0.242812
0.231250
0.208125
0.193672
0.179219
0.179219
0.153203
0.147422
0.141641
0.130078
0.121406
0.106953
0.083828
0.080937
0.078047
0.054922
0.063594
0.043359
0.037578
0.043359
0.034688
0.020234
0.005781
0.008672
0.005781
0.000000
0.000000
0.000000
0.000000
0.000000
0.000000
0.000000
0.000000
0.000000
0.000000
0.000000
0.000000
0.000000
0.000000
0.000000
0.000000
0.000000
0.000000
0.000000
0.000000
0.000000
0.000000
0.000000
0.000000
0.000000
0.000000
0.000000
0.000000
0.000000
0.000000
0.002891
0.002891
0.023125
0.026016
0.031797
0.031797
0.037578
0.046250
0.060703
0.069375
0.083828
0.092500
0.089609
0.112734
0.121406
0.124297
0.144531
0.141641
0.164766
0.182109
0.190781
0.193672
0.216797
0.225469
0.237031
0.263047
0.268828
0.289063
0.277500
0.320859
0.338203
0.338203
0.355547
0.370000
0.396016
0.404687
0.430703
0.448047
0.471172
0.476953
0.505859
0.511641
0.531875
0.557891
0.575234
0.601250
0.618594
0.627266
0.656172
0.670625
0.693750
0.708203
0.737109
0.748672
0.780469
0.789141
0.826719
0.841172
0.861406
0.887422
0.904766
0.930781
0.945234
0.971250
0.994375
1.020391
1.043516
1.066641
1.078203
1.101328
1.138906
1.159141
1.173594
1.196719
1.219844
1.240078
1.266094
1.297891
1.318125
1.332578
1.361484
1.384609
1.416406
1.433750
1.459766
1.482891
1.508906
1.523359
1.546484
1.575391
1.601406
1.618750
1.636094
1.665000
1.691016
1.705469
1.743047
1.754609
1.777734
1.809531
1.823984
1.852891
1.867344
1.893359
1.919375
1.939609
1.954062
1.982969
2.003203
2.029219
2.052344
2.075469
2.095703
2.110156
2.136172
2.156406
2.165078
2.196875
2.208437
2.237344
2.260469
2.266250
2.280703
2.309609
2.329844
2.347188
2.361641
2.393437
2.396328
2.413672
2.439687
2.457031
2.474375
2.488828
2.500391
2.509063
2.535078
2.549531
2.558203
2.584219
2.587109
2.610234
2.618906
2.639141
2.650703
2.656484
2.670938
2.685391
2.694062
2.708516
2.717187
2.740313
2.743203
2.748984
2.766328
2.772109
2.777891
2.789453
2.801016
2.798125
2.803906
2.827031
2.832813
2.827031
2.847266
2.858828
2.855937
2.861719
2.861719
2.861719
2.873281
2.881953
2.890625
2.887734
2.896406
2.896406
2.890625
2.893516
2.887734
2.905078
2.902188
2.890625
2.893516
2.905078
2.893516
2.893516
2.893516
2.887734
2.893516
2.890625
2.884844
2.876172
2.879062
2.873281
2.867500
2.870391
2.853047
2.850156
2.847266
2.838594
2.827031
2.827031
2.812578
2.812578
2.795234
2.795234
2.777891
2.780781
2.772109
2.760547
2.740313
2.737422
2.722969
2.705625
2.696953
2.694062
2.679609
2.665156
2.653594
2.636250
2.621797
2.610234
2.592891
2.587109
2.563984
2.552422
2.537969
2.520625
2.506172
2.491719
2.480156
2.457031
2.439687
2.428125
2.407891
2.390547
2.373203
2.347188
2.344297
2.309609
2.298047
2.274922
2.260469
2.237344
2.214219
2.202656
2.185313
2.162188
2.136172
2.118828
2.101484
2.081250
2.055234
2.032109
2.008984
1.994531
1.965625
1.951172
1.928047
1.913594
1.887578
1.861562
1.835547
1.812422
1.795078
1.769063
1.743047
1.717031
1.699687
1.676563
1.644766
1.627422
1.607188
1.584062
1.560938
1.506016
1.514688
1.491562
1.462656
1.445313
1.425078
1.396172
1.370156
1.344141
1.318125
1.297891
1.283437
1.254531
1.231406
1.208281
1.190938
1.164922
1.136016
1.115781
1.086875
1.072422
1.049297
1.023281
0.997266
0.982813
0.956797
0.933672
0.910547
0.893203
0.864297
0.844063
0.826719
0.803594
0.789141
0.768906
0.745781
0.719766
0.699531
0.679297
0.667734
0.633047
0.612813
0.598359
0.578125
0.557891
0.546328
0.520312
0.502969
0.491406
0.468281
0.448047
0.430703
0.422031
0.393125
0.378672
0.367109
0.355547
0.338203
0.320859
0.303516
0.291953
0.271719
0.239922
0.248594
0.231250
0.213906
0.199453
0.196562
0.182109
0.161875
0.150312
0.147422
0.141641
0.112734
0.115625
0.109844
0.098281
0.078047
0.072266
0.057813
0.063594
0.043359
0.034688
0.026016
0.026016
0.023125
0.011563
0.000000
0.000000
0.000000
0.000000
0.000000
0.000000
0.000000
0.000000
0.000000
0.000000
0.000000
0.000000
0.000000
0.000000
0.000000
0.000000
0.000000
0.000000
0.000000
0.000000
0.000000
0.000000
0.000000
0.000000
0.000000
0.000000
0.000000
0.000000
0.000000
0.000000
0.000000
0.000000
0.000000
0.014453
0.026016
0.020234
0.026016
0.037578
0.040469
0.052031
0.060703
0.075156
0.080937
0.089609
0.109844
0.115625
0.127188
0.138750
0.138750
0.156094
0.170547
0.193672
0.193672
0.208125
0.219688
0.239922
0.245703
0.254375
0.268828
0.291953
0.300625
0.317969
0.338203
0.352656
0.370000
0.387344
0.404687
0.419141
0.427812
0.453828
0.471172
0.482734
0.502969
0.520312
0.537656
0.557891
0.586797
0.601250
0.621484
0.644609
0.664844
0.685078
0.702422
0.722656
0.737109
0.757344
0.780469
0.800703
0.829609
0.852734
0.864297
0.893203
0.910547
0.933672
0.956797
0.982813
1.005937
1.020391
1.046406
1.075312
1.083984
1.115781
1.138906
1.162031
